<?xml version="1.0" encoding="UTF-8"?>
<!-- Generated by org.testng.reporters.JUnitReportReporter -->
<testsuite hostname="DESKTOP-UA7G0ND" failures="0" tests="1" name="Ecommerce_Web.AEcommerce_tests.LoginWhileCheckout" time="41.219" errors="0" timestamp="2024-10-23T18:47:41 IST" skipped="0">
  <testcase classname="Ecommerce_Web.AEcommerce_tests.LoginWhileCheckout" name="loginCheckout" time="41.219"/>
</testsuite> <!-- Ecommerce_Web.AEcommerce_tests.LoginWhileCheckout -->
