<?xml version="1.0" encoding="UTF-8"?>
<!-- Generated by org.testng.reporters.JUnitReportReporter -->
<testsuite hostname="DESKTOP-UA7G0ND" failures="0" tests="1" name="Ecommerce_Web.AEcommerce.Tutor$AddProductsIntoCART" time="25.141" errors="0" timestamp="2024-10-15T16:23:28 IST" skipped="0">
  <testcase classname="Ecommerce_Web.AEcommerce.Tutor$AddProductsIntoCART" name="addProducts" time="25.141"/>
</testsuite> <!-- Ecommerce_Web.AEcommerce.Tutor$AddProductsIntoCART -->
