<?xml version="1.0" encoding="UTF-8"?>
<!-- Generated by org.testng.reporters.JUnitReportReporter -->
<testsuite hostname="DESKTOP-UA7G0ND" failures="0" tests="1" name="Ecommerce_Web.AEcommerce_tests.RegisterUser2" time="23.526" errors="0" timestamp="2024-10-24T13:56:12 IST" skipped="0">
  <testcase classname="Ecommerce_Web.AEcommerce_tests.RegisterUser2" name="registerUser" time="23.526"/>
</testsuite> <!-- Ecommerce_Web.AEcommerce_tests.RegisterUser2 -->
