<?xml version="1.0" encoding="UTF-8"?>
<!-- Generated by org.testng.reporters.JUnitReportReporter -->
<testsuite hostname="DESKTOP-UA7G0ND" failures="0" tests="1" name="Tests.SearchProducts" time="23.392" errors="0" timestamp="2024-11-05T13:18:03 IST" skipped="0">
  <testcase classname="Tests.SearchProducts" name="searchProduct" time="23.392"/>
</testsuite> <!-- Tests.SearchProducts -->
