<?xml version="1.0" encoding="UTF-8"?>
<!-- Generated by org.testng.reporters.JUnitReportReporter -->
<testsuite hostname="DESKTOP-UA7G0ND" failures="0" tests="2" name="Ecommerce_Web.AEcommerce_tests.LoginEmail_ProductCheckoutTest" time="58.008" errors="0" timestamp="2024-11-06T19:50:06 IST" skipped="0">
  <testcase classname="Ecommerce_Web.AEcommerce_tests.LoginEmail_ProductCheckoutTest" name="loginCorrect" time="9.490"/>
  <testcase classname="Ecommerce_Web.AEcommerce_tests.LoginEmail_ProductCheckoutTest" name="loginWhileCheckout" time="48.518"/>
</testsuite> <!-- Ecommerce_Web.AEcommerce_tests.LoginEmail_ProductCheckoutTest -->
