<?xml version="1.0" encoding="UTF-8"?>
<!-- Generated by org.testng.reporters.JUnitReportReporter -->
<testsuite hostname="DESKTOP-UA7G0ND" failures="0" tests="1" name="Ecommerce_Web.AEcommerce.Hello$AddProductsIntoCART" time="31.823" errors="0" timestamp="2024-10-15T15:12:59 IST" skipped="0">
  <testcase classname="Ecommerce_Web.AEcommerce.Hello$AddProductsIntoCART" name="addProducts" time="31.823"/>
</testsuite> <!-- Ecommerce_Web.AEcommerce.Hello$AddProductsIntoCART -->
