<?xml version="1.0" encoding="UTF-8"?>
<!-- Generated by org.testng.reporters.JUnitReportReporter -->
<testsuite hostname="DESKTOP-UA7G0ND" failures="0" tests="1" name="Ecommerce_Web.AEcommerce.ProductsIntoCart" time="15.974" errors="0" timestamp="2024-10-17T11:55:07 IST" skipped="0">
  <testcase classname="Ecommerce_Web.AEcommerce.ProductsIntoCart" name="productCart" time="15.974"/>
</testsuite> <!-- Ecommerce_Web.AEcommerce.ProductsIntoCart -->
