<?xml version="1.0" encoding="UTF-8"?>
<!-- Generated by org.testng.reporters.JUnitReportReporter -->
<testsuite hostname="DESKTOP-UA7G0ND" failures="0" tests="1" name="Ecommerce_Web.AEcommerce.Subsription" time="7.561" errors="0" timestamp="2024-10-14T20:19:22 IST" skipped="0">
  <testcase classname="Ecommerce_Web.AEcommerce.Subsription" name="verifySubscription" time="7.561"/>
</testsuite> <!-- Ecommerce_Web.AEcommerce.Subsription -->
