<?xml version="1.0" encoding="UTF-8"?>
<!-- Generated by org.testng.reporters.JUnitReportReporter -->
<testsuite hostname="DESKTOP-UA7G0ND" failures="0" tests="1" name="Ecommerce_Web.AEcommerce_tests.SubsriptionTest" time="7.502" errors="0" timestamp="2024-11-06T15:21:18 IST" skipped="0">
  <testcase classname="Ecommerce_Web.AEcommerce_tests.SubsriptionTest" name="verifySubscription" time="7.502"/>
</testsuite> <!-- Ecommerce_Web.AEcommerce_tests.SubsriptionTest -->
