<?xml version="1.0" encoding="UTF-8"?>
<!-- Generated by org.testng.reporters.JUnitReportReporter -->
<testsuite hostname="DESKTOP-UA7G0ND" failures="0" tests="2" name="AEcommerce_tests.VerifyScrollFunction" time="171.044" errors="0" timestamp="2024-11-12T16:09:00 GMT+05:30" skipped="0">
  <testcase classname="AEcommerce_tests.VerifyScrollFunction" name="scrollUpWithoutArrow" time="6.920"/>
  <system-out/>
  <testcase classname="AEcommerce_tests.VerifyScrollFunction" name="scrollUpArrow" time="164.124"/>
  <system-out/>
</testsuite> <!-- AEcommerce_tests.VerifyScrollFunction -->
