<?xml version="1.0" encoding="UTF-8"?>
<!-- Generated by org.testng.reporters.JUnitReportReporter -->
<testsuite hostname="DESKTOP-UA7G0ND" failures="0" tests="1" name="Ecommerce_Web.AEcommerce_tests.VerifyAllProduct_ProductDetailPage" time="15.885" errors="0" timestamp="2024-10-31T11:09:55 IST" skipped="0">
  <testcase classname="Ecommerce_Web.AEcommerce_tests.VerifyAllProduct_ProductDetailPage" name="verifyProductDetail" time="15.885"/>
</testsuite> <!-- Ecommerce_Web.AEcommerce_tests.VerifyAllProduct_ProductDetailPage -->
