<?xml version="1.0" encoding="UTF-8"?>
<!-- Generated by org.testng.reporters.JUnitReportReporter -->
<testsuite hostname="DESKTOP-UA7G0ND" failures="0" tests="1" name="Ecommerce_Web.AEcommerce.VerifyAllProduct_ProductDetailPage" time="12.091" errors="0" timestamp="2024-10-14T19:02:14 IST" skipped="0">
  <testcase classname="Ecommerce_Web.AEcommerce.VerifyAllProduct_ProductDetailPage" name="verifyProductDetail" time="12.091"/>
</testsuite> <!-- Ecommerce_Web.AEcommerce.VerifyAllProduct_ProductDetailPage -->
