<?xml version="1.0" encoding="UTF-8"?>
<!-- Generated by org.testng.reporters.JUnitReportReporter -->
<testsuite hostname="DESKTOP-UA7G0ND" failures="0" tests="1" name="Ecommerce_Web.AEcommerce_tests.Search" time="13.911" errors="0" timestamp="2024-10-24T12:01:02 IST" skipped="0">
  <testcase classname="Ecommerce_Web.AEcommerce_tests.Search" name="searchProduct" time="13.911"/>
</testsuite> <!-- Ecommerce_Web.AEcommerce_tests.Search -->
