<?xml version="1.0" encoding="UTF-8"?>
<!-- Generated by org.testng.reporters.JUnitReportReporter -->
<testsuite hostname="DESKTOP-UA7G0ND" failures="0" tests="1" name="Ecommerce_Web.AEcommerce.RegisterWhileCheckout" time="36.749" errors="0" timestamp="2024-10-19T15:12:36 IST" skipped="0">
  <testcase classname="Ecommerce_Web.AEcommerce.RegisterWhileCheckout" name="registerCheckout" time="36.749"/>
</testsuite> <!-- Ecommerce_Web.AEcommerce.RegisterWhileCheckout -->
