<?xml version="1.0" encoding="UTF-8"?>
<!-- Generated by org.testng.reporters.JUnitReportReporter -->
<testsuite hostname="DESKTOP-UA7G0ND" failures="0" tests="2" name="Ecommerce_Web.AEcommerce_tests.VerifyScrollFunction" time="16.443" errors="0" timestamp="2024-11-06T13:30:44 IST" skipped="0">
  <testcase classname="Ecommerce_Web.AEcommerce_tests.VerifyScrollFunction" name="scrollUpWithoutArrow" time="8.108"/>
  <testcase classname="Ecommerce_Web.AEcommerce_tests.VerifyScrollFunction" name="scrollUpArrow" time="8.335"/>
</testsuite> <!-- Ecommerce_Web.AEcommerce_tests.VerifyScrollFunction -->
