<?xml version="1.0" encoding="UTF-8"?>
<!-- Generated by org.testng.reporters.JUnitReportReporter -->
<testsuite hostname="DESKTOP-UA7G0ND" failures="0" tests="1" name="Ecommerce_Web.AEcommerce.RegisterUser" time="21.631" errors="0" timestamp="2024-10-19T15:10:26 IST" skipped="0">
  <testcase classname="Ecommerce_Web.AEcommerce.RegisterUser" name="registerUser" time="21.631"/>
</testsuite> <!-- Ecommerce_Web.AEcommerce.RegisterUser -->
