<?xml version="1.0" encoding="UTF-8"?>
<!-- Generated by org.testng.reporters.JUnitReportReporter -->
<testsuite hostname="DESKTOP-UA7G0ND" failures="0" tests="2" name="AEcommerce_tests.AddRecommendedItems_ReviewOnProductsTest" time="83.770" errors="0" timestamp="2024-11-12T16:09:00 GMT+05:30" skipped="0">
  <testcase classname="AEcommerce_tests.AddRecommendedItems_ReviewOnProductsTest" name="addRecommendedItems" time="43.206"/>
  <system-out/>
  <testcase classname="AEcommerce_tests.AddRecommendedItems_ReviewOnProductsTest" name="addProductReview" time="40.564"/>
  <system-out/>
</testsuite> <!-- AEcommerce_tests.AddRecommendedItems_ReviewOnProductsTest -->
