<?xml version="1.0" encoding="UTF-8"?>
<!-- Generated by org.testng.reporters.JUnitReportReporter -->
<testsuite hostname="DESKTOP-UA7G0ND" failures="0" tests="1" name="Ecommerce_Web.AEcommerce_tests.ViewCategory_BrandProductsTest" time="15.909" errors="0" timestamp="2024-11-06T16:50:16 IST" skipped="0">
  <testcase classname="Ecommerce_Web.AEcommerce_tests.ViewCategory_BrandProductsTest" name="viewCartBrand" time="15.909"/>
</testsuite> <!-- Ecommerce_Web.AEcommerce_tests.ViewCategory_BrandProductsTest -->
