<?xml version="1.0" encoding="UTF-8"?>
<!-- Generated by org.testng.reporters.JUnitReportReporter -->
<testsuite hostname="DESKTOP-UA7G0ND" failures="0" tests="2" name="AEcommerce_tests.SearchProduct_VerifyCartAfterLoginTest" time="119.076" errors="0" timestamp="2024-11-12T16:09:00 GMT+05:30" skipped="0">
  <testcase classname="AEcommerce_tests.SearchProduct_VerifyCartAfterLoginTest" name="removeProduct" time="56.560"/>
  <system-out/>
  <testcase classname="AEcommerce_tests.SearchProduct_VerifyCartAfterLoginTest" name="searchProduct" time="62.516"/>
  <system-out/>
</testsuite> <!-- AEcommerce_tests.SearchProduct_VerifyCartAfterLoginTest -->
