<?xml version="1.0" encoding="UTF-8"?>
<!-- Generated by org.testng.reporters.JUnitReportReporter -->
<testsuite hostname="DESKTOP-UA7G0ND" failures="0" tests="1" name="Ecommerce_Web.AEcommerce.Add_ProductsIntoCart" time="16.422" errors="0" timestamp="2024-10-15T18:44:10 IST" skipped="0">
  <testcase classname="Ecommerce_Web.AEcommerce.Add_ProductsIntoCart" name="productCart" time="16.422"/>
</testsuite> <!-- Ecommerce_Web.AEcommerce.Add_ProductsIntoCart -->
