<?xml version="1.0" encoding="UTF-8"?>
<!-- Generated by org.testng.reporters.JUnitReportReporter -->
<testsuite hostname="DESKTOP-UA7G0ND" failures="0" tests="1" name="Ecommerce_Web.AEcommerce.Trainer$AddProductsIntoCART" time="21.521" errors="0" timestamp="2024-10-15T15:03:52 IST" skipped="0">
  <testcase classname="Ecommerce_Web.AEcommerce.Trainer$AddProductsIntoCART" name="addProducts" time="21.521"/>
</testsuite> <!-- Ecommerce_Web.AEcommerce.Trainer$AddProductsIntoCART -->
