<?xml version="1.0" encoding="UTF-8"?>
<!-- Generated by org.testng.reporters.JUnitReportReporter -->
<testsuite hostname="DESKTOP-UA7G0ND" failures="0" tests="1" name="Ecommerce_Web.AEcommerce.Hell$Add_ProductsIntoCart" time="21.689" errors="0" timestamp="2024-10-15T18:55:25 IST" skipped="0">
  <testcase classname="Ecommerce_Web.AEcommerce.Hell$Add_ProductsIntoCart" name="productCart" time="21.689"/>
</testsuite> <!-- Ecommerce_Web.AEcommerce.Hell$Add_ProductsIntoCart -->
