<?xml version="1.0" encoding="UTF-8"?>
<!-- Generated by org.testng.reporters.JUnitReportReporter -->
<testsuite hostname="DESKTOP-UA7G0ND" failures="0" tests="1" name="Ecommerce_Web.AEcommerce_tests.LoginBeforeCheckout2" time="41.686" errors="0" timestamp="2024-11-05T10:21:57 IST" skipped="0">
  <testcase classname="Ecommerce_Web.AEcommerce_tests.LoginBeforeCheckout2" name="productCart" time="41.686"/>
</testsuite> <!-- Ecommerce_Web.AEcommerce_tests.LoginBeforeCheckout2 -->
