<?xml version="1.0" encoding="UTF-8"?>
<!-- Generated by org.testng.reporters.JUnitReportReporter -->
<testsuite hostname="DESKTOP-UA7G0ND" failures="0" tests="1" name="AEcommerce_tests.LoginBeforeCheckout" time="89.394" errors="0" timestamp="2024-11-12T16:09:00 GMT+05:30" skipped="0">
  <testcase classname="AEcommerce_tests.LoginBeforeCheckout" name="productCart" time="89.394"/>
  <system-out/>
</testsuite> <!-- AEcommerce_tests.LoginBeforeCheckout -->
