<?xml version="1.0" encoding="UTF-8"?>
<!-- Generated by org.testng.reporters.JUnitReportReporter -->
<testsuite hostname="DESKTOP-UA7G0ND" failures="0" tests="4" name="AEcommerce_tests.LoginEmail_ProductCheckoutTest" time="209.103" errors="0" timestamp="2024-11-12T16:09:00 GMT+05:30" skipped="0">
  <testcase classname="AEcommerce_tests.LoginEmail_ProductCheckoutTest" name="loginWhileCheckout" time="49.621"/>
  <system-out/>
  <testcase classname="AEcommerce_tests.LoginEmail_ProductCheckoutTest" name="loginCorrect" time="37.079"/>
  <system-out/>
  <testcase classname="AEcommerce_tests.LoginEmail_ProductCheckoutTest" name="loginCorrect" time="20.541"/>
  <system-out/>
  <testcase classname="AEcommerce_tests.LoginEmail_ProductCheckoutTest" name="loginWhileCheckout" time="101.862"/>
  <system-out/>
</testsuite> <!-- AEcommerce_tests.LoginEmail_ProductCheckoutTest -->
