<?xml version="1.0" encoding="UTF-8"?>
<!-- Generated by org.testng.reporters.JUnitReportReporter -->
<testsuite hostname="DESKTOP-UA7G0ND" failures="0" tests="1" name="Ecommerce_Web.AEcommerce.VerifyTestCasesPage" time="11.251" errors="0" timestamp="2024-10-14T17:51:24 IST" skipped="0">
  <testcase classname="Ecommerce_Web.AEcommerce.VerifyTestCasesPage" name="verifyTestCases" time="11.251"/>
</testsuite> <!-- Ecommerce_Web.AEcommerce.VerifyTestCasesPage -->
