<?xml version="1.0" encoding="UTF-8"?>
<!-- Generated by org.testng.reporters.JUnitReportReporter -->
<testsuite hostname="DESKTOP-UA7G0ND" failures="0" tests="1" name="Ecommerce_Web.AEcommerce.View_CartBrandProducts" time="13.905" errors="0" timestamp="2024-10-18T15:13:41 IST" skipped="0">
  <testcase classname="Ecommerce_Web.AEcommerce.View_CartBrandProducts" name="viewCartBrand" time="13.905"/>
</testsuite> <!-- Ecommerce_Web.AEcommerce.View_CartBrandProducts -->
