<?xml version="1.0" encoding="UTF-8"?>
<!-- Generated by org.testng.reporters.JUnitReportReporter -->
<testsuite hostname="DESKTOP-UA7G0ND" failures="0" tests="1" name="Ecommerce_Web.AEcommerce_tests.LoginCorrectEmailPasswordTest" time="10.992" errors="0" timestamp="2024-10-20T13:04:37 IST" skipped="0">
  <testcase classname="Ecommerce_Web.AEcommerce_tests.LoginCorrectEmailPasswordTest" name="loginCorrect" time="10.992"/>
</testsuite> <!-- Ecommerce_Web.AEcommerce_tests.LoginCorrectEmailPasswordTest -->
