<?xml version="1.0" encoding="UTF-8"?>
<!-- Generated by org.testng.reporters.JUnitReportReporter -->
<testsuite hostname="DESKTOP-UA7G0ND" failures="0" tests="1" name="Ecommerce_Web.AEcommerce_tests.VerifyTestCasesPageTest" time="11.063" errors="0" timestamp="2024-11-06T18:44:41 IST" skipped="0">
  <testcase classname="Ecommerce_Web.AEcommerce_tests.VerifyTestCasesPageTest" name="verifyTestCases" time="11.063"/>
</testsuite> <!-- Ecommerce_Web.AEcommerce_tests.VerifyTestCasesPageTest -->
