<?xml version="1.0" encoding="UTF-8"?>
<!-- Generated by org.testng.reporters.JUnitReportReporter -->
<testsuite hostname="DESKTOP-UA7G0ND" failures="0" tests="1" name="Ecommerce_Web.AEcommerce.VerifyProductQuantityInCart" time="18.646" errors="0" timestamp="2024-10-17T10:40:41 IST" skipped="0">
  <testcase classname="Ecommerce_Web.AEcommerce.VerifyProductQuantityInCart" name="viewQuantity" time="18.646"/>
</testsuite> <!-- Ecommerce_Web.AEcommerce.VerifyProductQuantityInCart -->
