<?xml version="1.0" encoding="UTF-8"?>
<!-- Generated by org.testng.reporters.JUnitReportReporter -->
<testsuite hostname="DESKTOP-UA7G0ND" failures="0" tests="1" name="Ecommerce_Web.AEcommerce.LoginCorrectEmailPassword" time="44.511" errors="0" timestamp="2024-10-14T14:03:46 IST" skipped="0">
  <testcase classname="Ecommerce_Web.AEcommerce.LoginCorrectEmailPassword" name="loginCorrect" time="44.511"/>
</testsuite> <!-- Ecommerce_Web.AEcommerce.LoginCorrectEmailPassword -->
