<?xml version="1.0" encoding="UTF-8"?>
<!-- Generated by org.testng.reporters.JUnitReportReporter -->
<testsuite hostname="DESKTOP-UA7G0ND" failures="0" tests="2" name="Ecommerce_Web.AEcommerce_tests.LoginIncorrectEmailPasswordTest" time="20.327" errors="0" timestamp="2024-11-06T20:05:27 IST" skipped="0">
  <testcase classname="Ecommerce_Web.AEcommerce_tests.LoginIncorrectEmailPasswordTest" name="registerExistingEmail" time="9.268"/>
  <testcase classname="Ecommerce_Web.AEcommerce_tests.LoginIncorrectEmailPasswordTest" name="loginIncorrect" time="11.059"/>
</testsuite> <!-- Ecommerce_Web.AEcommerce_tests.LoginIncorrectEmailPasswordTest -->
