<?xml version="1.0" encoding="UTF-8"?>
<!-- Generated by org.testng.reporters.JUnitReportReporter -->
<testsuite hostname="DESKTOP-UA7G0ND" failures="0" tests="2" name="AEcommerce_tests.ContactUsForm_Subscription_TestCasesTest" time="20.432" errors="0" timestamp="2024-11-07T17:12:37 IST" skipped="0">
  <testcase classname="AEcommerce_tests.ContactUsForm_Subscription_TestCasesTest" name="verifySubscription" time="4.002"/>
  <testcase classname="AEcommerce_tests.ContactUsForm_Subscription_TestCasesTest" name="contactUs" time="16.430"/>
</testsuite> <!-- AEcommerce_tests.ContactUsForm_Subscription_TestCasesTest -->
