<?xml version="1.0" encoding="UTF-8"?>
<!-- Generated by org.testng.reporters.JUnitReportReporter -->
<testsuite hostname="DESKTOP-UA7G0ND" failures="0" tests="3" name="Ecommerce_Web.AEcommerce_tests.Product_ProductsDetailPage_ProductsIntoCart_UpdateCartQuantityTest" time="160.667" errors="0" timestamp="2024-11-06T20:53:52 IST" skipped="0">
  <testcase classname="Ecommerce_Web.AEcommerce_tests.Product_ProductsDetailPage_ProductsIntoCart_UpdateCartQuantityTest" name="updateQuantity" time="11.215"/>
  <testcase classname="Ecommerce_Web.AEcommerce_tests.Product_ProductsDetailPage_ProductsIntoCart_UpdateCartQuantityTest" name="productCart" time="12.606"/>
  <testcase classname="Ecommerce_Web.AEcommerce_tests.Product_ProductsDetailPage_ProductsIntoCart_UpdateCartQuantityTest" name="verifyProductDetail" time="136.846"/>
</testsuite> <!-- Ecommerce_Web.AEcommerce_tests.Product_ProductsDetailPage_ProductsIntoCart_UpdateCartQuantityTest -->
