<?xml version="1.0" encoding="UTF-8"?>
<!-- Generated by org.testng.reporters.JUnitReportReporter -->
<testsuite hostname="DESKTOP-UA7G0ND" failures="0" tests="1" name="Ecommerce_Web.AEcommerce.AddReviewOnProduct" time="18.690" errors="0" timestamp="2024-10-18T16:35:21 IST" skipped="0">
  <testcase classname="Ecommerce_Web.AEcommerce.AddReviewOnProduct" name="addProductOnReview" time="18.690"/>
</testsuite> <!-- Ecommerce_Web.AEcommerce.AddReviewOnProduct -->
