<?xml version="1.0" encoding="UTF-8"?>
<!-- Generated by org.testng.reporters.JUnitReportReporter -->
<testsuite hostname="DESKTOP-UA7G0ND" failures="0" tests="2" name="AEcommerce_tests.LoginIncorrectEmailPasswordTest" time="30.075" errors="0" timestamp="2024-11-13T15:45:02 IST" skipped="0">
  <testcase classname="AEcommerce_tests.LoginIncorrectEmailPasswordTest" name="loginIncorrect" time="18.440"/>
  <system-out/>
  <testcase classname="AEcommerce_tests.LoginIncorrectEmailPasswordTest" name="registerExistingEmail" time="11.635"/>
  <system-out/>
</testsuite> <!-- AEcommerce_tests.LoginIncorrectEmailPasswordTest -->
