<?xml version="1.0" encoding="UTF-8"?>
<!-- Generated by org.testng.reporters.JUnitReportReporter -->
<testsuite hostname="DESKTOP-UA7G0ND" failures="0" tests="2" name="AEcommerce_tests.ViewCategory_BrandProductsTest" time="34.831" errors="0" timestamp="2024-11-13T17:38:32 IST" skipped="0">
  <testcase classname="AEcommerce_tests.ViewCategory_BrandProductsTest" name="viewCategoryProducts" time="9.573"/>
  <system-out/>
  <testcase classname="AEcommerce_tests.ViewCategory_BrandProductsTest" name="viewBrandProducts" time="25.258"/>
  <system-out/>
</testsuite> <!-- AEcommerce_tests.ViewCategory_BrandProductsTest -->
