<?xml version="1.0" encoding="UTF-8"?>
<!-- Generated by org.testng.reporters.JUnitReportReporter -->
<testsuite hostname="DESKTOP-UA7G0ND" failures="0" tests="2" name="AEcommerce_tests.ContactUsForm_SubscriptionTest" time="28.612" errors="0" timestamp="2024-11-13T17:37:01 IST" skipped="0">
  <testcase classname="AEcommerce_tests.ContactUsForm_SubscriptionTest" name="contactUs" time="19.917"/>
  <system-out/>
  <testcase classname="AEcommerce_tests.ContactUsForm_SubscriptionTest" name="verifySubscription" time="8.695"/>
  <system-out/>
</testsuite> <!-- AEcommerce_tests.ContactUsForm_SubscriptionTest -->
