<?xml version="1.0" encoding="UTF-8"?>
<!-- Generated by org.testng.reporters.JUnitReportReporter -->
<testsuite hostname="DESKTOP-UA7G0ND" failures="0" tests="1" name="Ecommerce_Web.AEcommerce.Bor$AddProductsIntoCART" time="19.196" errors="0" timestamp="2024-10-15T15:24:46 IST" skipped="0">
  <testcase classname="Ecommerce_Web.AEcommerce.Bor$AddProductsIntoCART" name="addProducts" time="19.196"/>
</testsuite> <!-- Ecommerce_Web.AEcommerce.Bor$AddProductsIntoCART -->
