<?xml version="1.0" encoding="UTF-8"?>
<!-- Generated by org.testng.reporters.JUnitReportReporter -->
<testsuite hostname="DESKTOP-UA7G0ND" failures="0" tests="1" name="Ecommerce_Web.AEcommerce.ContactUsForm" time="15.345" errors="0" timestamp="2024-10-14T17:35:03 IST" skipped="0">
  <testcase classname="Ecommerce_Web.AEcommerce.ContactUsForm" name="contactUs" time="15.345"/>
</testsuite> <!-- Ecommerce_Web.AEcommerce.ContactUsForm -->
