<?xml version="1.0" encoding="UTF-8"?>
<!-- Generated by org.testng.reporters.JUnitReportReporter -->
<testsuite hostname="DESKTOP-UA7G0ND" failures="0" tests="1" name="Tests.SubsriptionTest" time="21.978" errors="0" timestamp="2024-11-13T17:47:39 IST" skipped="0">
  <testcase classname="Tests.SubsriptionTest" name="verifySubscription" time="21.978"/>
</testsuite> <!-- Tests.SubsriptionTest -->
