<?xml version="1.0" encoding="UTF-8"?>
<!-- Generated by org.testng.reporters.JUnitReportReporter -->
<testsuite hostname="DESKTOP-UA7G0ND" failures="0" tests="2" name="AEcommerce_tests.VerifyScrollFunctionTest" time="114.483" errors="0" timestamp="2024-11-15T13:29:54 GMT+05:30" skipped="0">
  <testcase classname="AEcommerce_tests.VerifyScrollFunctionTest" name="scrollUpWithoutArrow" time="74.004"/>
  <testcase classname="AEcommerce_tests.VerifyScrollFunctionTest" name="scrollUpArrow" time="40.479"/>
</testsuite> <!-- AEcommerce_tests.VerifyScrollFunctionTest -->
