<?xml version="1.0" encoding="UTF-8"?>
<!-- Generated by org.testng.reporters.JUnitReportReporter -->
<testsuite hostname="DESKTOP-UA7G0ND" failures="0" tests="2" name="AEcommerce_tests.AddRecommendedItems_ReviewOnProductsTest" time="115.062" errors="0" timestamp="2024-11-15T13:29:54 GMT+05:30" skipped="0">
  <testcase classname="AEcommerce_tests.AddRecommendedItems_ReviewOnProductsTest" name="addProductReview" time="78.220"/>
  <testcase classname="AEcommerce_tests.AddRecommendedItems_ReviewOnProductsTest" name="addRecommendedItems" time="36.842"/>
</testsuite> <!-- AEcommerce_tests.AddRecommendedItems_ReviewOnProductsTest -->
