<?xml version="1.0" encoding="UTF-8"?>
<!-- Generated by org.testng.reporters.JUnitReportReporter -->
<testsuite hostname="DESKTOP-UA7G0ND" failures="0" tests="1" name="AEcommerce_tests.LoginIncorrectEmailPasswordTest" time="18.449" errors="0" timestamp="2024-11-15T13:45:37 IST" skipped="0">
  <testcase classname="AEcommerce_tests.LoginIncorrectEmailPasswordTest" name="loginIncorrect" time="18.449"/>
</testsuite> <!-- AEcommerce_tests.LoginIncorrectEmailPasswordTest -->
