<?xml version="1.0" encoding="UTF-8"?>
<!-- Generated by org.testng.reporters.JUnitReportReporter -->
<testsuite hostname="DESKTOP-UA7G0ND" failures="0" tests="2" name="AEcommerce_tests.ContactUsForm_SubscriptionTest" time="150.219" errors="0" timestamp="2024-11-15T13:29:54 GMT+05:30" skipped="0">
  <testcase classname="AEcommerce_tests.ContactUsForm_SubscriptionTest" name="verifySubscription" time="98.442"/>
  <testcase classname="AEcommerce_tests.ContactUsForm_SubscriptionTest" name="contactUs" time="51.777"/>
</testsuite> <!-- AEcommerce_tests.ContactUsForm_SubscriptionTest -->
