<?xml version="1.0" encoding="UTF-8"?>
<!-- Generated by org.testng.reporters.JUnitReportReporter -->
<testsuite hostname="DESKTOP-UA7G0ND" failures="0" tests="3" name="AEcommerce_tests.Product_ProductsDetailPage_ProductsIntoCart_UpdateCartQuantityTest" time="150.374" errors="0" timestamp="2024-11-15T13:29:54 GMT+05:30" skipped="0">
  <testcase classname="AEcommerce_tests.Product_ProductsDetailPage_ProductsIntoCart_UpdateCartQuantityTest" name="productCart" time="46.875"/>
  <testcase classname="AEcommerce_tests.Product_ProductsDetailPage_ProductsIntoCart_UpdateCartQuantityTest" name="verifyProductDetail" time="60.724"/>
  <testcase classname="AEcommerce_tests.Product_ProductsDetailPage_ProductsIntoCart_UpdateCartQuantityTest" name="updateQuantity" time="42.775"/>
</testsuite> <!-- AEcommerce_tests.Product_ProductsDetailPage_ProductsIntoCart_UpdateCartQuantityTest -->
