<?xml version="1.0" encoding="UTF-8"?>
<!-- Generated by org.testng.reporters.JUnitReportReporter -->
<testsuite hostname="DESKTOP-UA7G0ND" failures="0" tests="1" name="AEcommerce_tests.LoginBeforeCheckoutTest" time="73.170" errors="0" timestamp="2024-11-15T13:41:58 GMT+05:30" skipped="0">
  <testcase classname="AEcommerce_tests.LoginBeforeCheckoutTest" name="productCart" time="73.170"/>
</testsuite> <!-- AEcommerce_tests.LoginBeforeCheckoutTest -->
