<?xml version="1.0" encoding="UTF-8"?>
<!-- Generated by org.testng.reporters.JUnitReportReporter -->
<testsuite hostname="DESKTOP-UA7G0ND" failures="0" tests="2" name="AEcommerce_tests.SearchProduct_VerifyCartAfterLoginTest" time="171.980" errors="0" timestamp="2024-11-15T13:29:54 GMT+05:30" skipped="0">
  <testcase classname="AEcommerce_tests.SearchProduct_VerifyCartAfterLoginTest" name="searchProduct" time="111.927"/>
  <testcase classname="AEcommerce_tests.SearchProduct_VerifyCartAfterLoginTest" name="removeProduct" time="60.053"/>
</testsuite> <!-- AEcommerce_tests.SearchProduct_VerifyCartAfterLoginTest -->
