<?xml version="1.0" encoding="UTF-8"?>
<!-- Generated by org.testng.reporters.JUnitReportReporter -->
<testsuite hostname="DESKTOP-UA7G0ND" failures="0" tests="4" name="AEcommerce_tests.LoginEmail_ProductCheckoutTest" time="483.175" errors="0" timestamp="2024-11-15T13:09:42 IST" skipped="0">
  <testcase classname="AEcommerce_tests.LoginEmail_ProductCheckoutTest" name="loginWhileCheckout" time="202.150"/>
  <testcase classname="AEcommerce_tests.LoginEmail_ProductCheckoutTest" name="loginWhileCheckout" time="125.627"/>
  <testcase classname="AEcommerce_tests.LoginEmail_ProductCheckoutTest" name="loginCorrect" time="90.790"/>
  <testcase classname="AEcommerce_tests.LoginEmail_ProductCheckoutTest" name="loginCorrect" time="64.608"/>
</testsuite> <!-- AEcommerce_tests.LoginEmail_ProductCheckoutTest -->
